This file contains any messages produced by compilers while
running configure, to aid debugging if configure makes a mistake.

It was created by marble-game configure 0.0.1, which was
generated by GNU Autoconf 2.61.  Invocation command line was

  $ /home/emezeske/src/openmoko/marble-game/configure --build=x86_64-linux --host=arm-angstrom-linux-gnueabi --target=arm-angstrom-linux-gnueabi --prefix=/usr --exec_prefix=/usr --bindir=/usr/bin --sbindir=/usr/sbin --libexecdir=/usr/libexec --datadir=/usr/share --sysconfdir=/etc --sharedstatedir=/usr/com --localstatedir=/var --libdir=/usr/lib --includedir=/usr/include --oldincludedir=/usr/include --infodir=/usr/share/info --mandir=/usr/share/man --enable-mainainer-mode

## --------- ##
## Platform. ##
## --------- ##

hostname = gumgrok
uname -m = x86_64
uname -r = 2.6.18-6-amd64
uname -s = Linux
uname -v = #1 SMP Fri Jun 6 05:24:08 UTC 2008

/usr/bin/uname -p = unknown
/bin/uname -X     = unknown

/bin/arch              = x86_64
/usr/bin/arch -k       = unknown
/usr/convex/getsysinfo = unknown
/usr/bin/hostinfo      = unknown
/bin/machine           = unknown
/usr/bin/oslevel       = unknown
/bin/universe          = unknown

PATH: /usr/local/openmoko/arm/bin
PATH: /home/emezeske/bin
PATH: /home/emezeske/bin
PATH: /usr/local/bin
PATH: /usr/bin
PATH: /bin
PATH: /usr/games


## ----------- ##
## Core tests. ##
## ----------- ##

configure:1877: loading site script /usr/local/openmoko/arm/site-config
| ac_cv_c_littleendian=${ac_cv_c_littleendian=yes}
| ac_cv_c_bigendian=${ac_cv_c_bigendian=no}
| 
| # libnet
| ac_cv_libnet_endianess=${ac_cv_libnet_endianess=lil}
| 
| # apr
| ac_cv_file__dev_zero=${ac_cv_file__dev_zero=yes}
| # general
| ac_cv_have_decl_sys_siglist=${ac_cv_have_decl_sys_siglist=yes}
| ac_cv_func_malloc_0_nonnull=${ac_cv_func_malloc_0_nonnull=yes}
| ac_cv_func_memcmp_working=${ac_cv_func_memcmp_working=yes}
| ac_cv_type_uid_t={ac_cv_type_uid_t=yes}
| 
| # bash
| bash_cv_under_sys_siglist=${bash_cv_under_sys_siglist=yes}
| bash_cv_sys_siglist=${bash_cv_sys_siglist=yes}
| 
| # clamav
| clamav_av_func_working_snprintf_long=${clamav_av_func_working_snprintf_long=yes}
| clamav_av_have_in_port_t=${clamav_av_have_in_port_t=yes}
| clamav_av_have_in_addr_t=${clamav_av_have_in_addr_t=yes}
| ac_cv_func_mmap_fixed_mapped=${ac_cv_func_mmap_fixed_mapped=yes}
| 
| # glib
| glib_cv_strlcpy=${glib_cv_strlcpy=no}
| ac_cv_func_printf_unix98=${ac_cv_func_printf_unix98=yes}
| ac_cv_func_snprintf_c99=${ac_cv_func_snprintf_c99=yes}
| ac_cv_func_vsnprintf_c99=${ac_cv_func_vsnprintf_c99=yes}
| glib_cv_compliant_posix_memalign=${glib_cv_compliant_posix_memalign=1}
| glib_cv_long_long_format=${glib_cv_long_long_format=ll}
| 
| #dbus-glib
| ac_cv_have_abstract_sockets=${ac_cv_have_abstract_sockets=yes}
| 
| # gnucash
| am_cv_scanf_lld=${am_cv_scanf_lld=yes}
| 
| # mono
| mono_cv_uscore=${mono_cv_uscore=no}
| 
| # guile
| ac_cv_func_pthread_attr_getstack=${ac_cv_func_pthread_attr_getstack=yes}
| 
| #gcc-zlib
| ac_cv_func_getpagesize=${ac_cv_func_getpagesize=yes}
| ac_cv_func_memcpy=${ac_cv_func_memcpy=yes}
| ac_cv_func_strerror=${ac_cv_func_strerror=yes}
| 
| # squid
| ac_cv_af_unix_large_dgram=${ac_cv_af_unix_large_dgram=yes}
| ac_cv_func_setresuid=${ac_cv_func_setresuid=yes}
| ac_cv_func_va_copy=${ac_cv_func_va_copy=yes}
| ac_cv_func___va_copy=${ac_cv_func___va_copy=yes}
| ac_cv_epoll_works=${ac_cv_epoll_works=yes}
| 
| # pth
| ac_cv_check_sjlj=ssjlj
| ac_cv_func_getpgrp_void=${ac_cv_func_getpgrp_void=yes}
| ac_cv_func_getpwuid_r=${ac_cv_func_getpwuid_r=yes}
| ac_cv_func_lstat_dereferences_slashed_symlink=${ac_cv_func_lstat_dereferences_slashed_symlink=yes}
| ac_cv_func_lstat_empty_string_bug=${ac_cv_func_lstat_empty_string_bug=no}
| ac_cv_func_malloc_0_nonnull=${ac_cv_func_malloc_0_nonnull=yes}
| ac_cv_func_posix_getpwnam_r=${ac_cv_func_posix_getpwnam_r=yes}
| ac_cv_func_posix_getpwuid_r=${ac_cv_func_posix_getpwuid_r=yes}
| ac_cv_func_setpgrp_void=${ac_cv_func_setpgrp_void=yes}
| ac_cv_func_setvbuf_reversed=${ac_cv_func_setvbuf_reversed=no}
| ac_cv_func_stat_empty_string_bug=${ac_cv_func_stat_empty_string_bug=no}
| ac_cv_func_stat_ignores_trailing_slash=${ac_cv_func_stat_ignores_trailing_slash=no}
| ac_libnet_have_packet_socket=${ac_libnet_have_packet_socket=yes}
| ac_cv_linux_vers=${ac_cv_linux_vers=2}
| ac_cv_need_trio=${ac_cv_need_trio=no}
| ac_cv_sizeof_char=${ac_cv_sizeof_char=1}
| ac_cv_sizeof_int=${ac_cv_sizeof_int=4}
| ac_cv_sizeof___int64=${ac_cv_sizeof___int64=0}
| ac_cv_sizeof_long=${ac_cv_sizeof_long=8}
| ac_cv_sizeof_long_double=${ac_cv_sizeof_long_double=16}
| ac_cv_sizeof_long_int=${ac_cv_sizeof_long_int=8}
| ac_cv_sizeof_long_long=${ac_cv_sizeof_long_long=8}
| ac_cv_sizeof_off_t=${ac_cv_sizeof_off_t=8}
| ac_cv_sizeof_short=${ac_cv_sizeof_short=2}
| ac_cv_sizeof_short_int=${ac_cv_sizeof_short_int=2}
| ac_cv_sizeof_size_t=${ac_cv_sizeof_size_t=8}
| ac_cv_sizeof_void_p=${ac_cv_sizeof_void_p=8}
| ac_cv_strerror_r_SUSv3=${ac_cv_strerror_r_SUSv3=no}
| bash_cv_have_mbstate_t=${bash_cv_have_mbstate_t=yes}
| db_cv_alignp_t=${db_cv_alignp_t='unsigned long long'}
| db_cv_align_t=${db_cv_align_t='unsigned long long'}
| db_cv_fcntl_f_setfd=${db_cv_fcntl_f_setfd=yes}
| db_cv_mutex=${db_cv_mutex=POSIX/pthreads/library}
| db_cv_path_ar=${db_cv_path_ar=/usr/bin/ar}
| db_cv_path_chmod=${db_cv_path_chmod=/bin/chmod}
| db_cv_path_cp=${db_cv_path_cp=/bin/cp}
| db_cv_path_ln=${db_cv_path_ln=/bin/ln}
| db_cv_path_mkdir=${db_cv_path_mkdir=/bin/mkdir}
| db_cv_path_ranlib=${db_cv_path_ranlib=/usr/bin/ranlib}
| db_cv_path_rm=${db_cv_path_rm=/bin/rm}
| db_cv_path_sh=${db_cv_path_sh=/bin/sh}
| db_cv_path_strip=${db_cv_path_strip=/usr/bin/strip}
| db_cv_posixmutexes=${db_cv_posixmutexes=no}
| db_cv_sprintf_count=${db_cv_sprintf_count=yes}
| db_cv_uimutexes=${db_cv_uimutexes=no}
| glib_cv_hasinline=${glib_cv_hasinline=yes}
| glib_cv_has__inline=${glib_cv_has__inline=yes}
| glib_cv_has__inline__=${glib_cv_has__inline__=yes}
| glib_cv_long_long_format=${glib_cv_long_long_format=ll}
| glib_cv_rtldglobal_broken=${glib_cv_rtldglobal_broken=yes}
| glib_cv_sane_realloc=${glib_cv_sane_realloc=yes}
| glib_cv_sizeof_gmutex=${glib_cv_sizeof_gmutex=40}
| glib_cv_sizeof_intmax_t=${glib_cv_sizeof_intmax_t=8}
| glib_cv_sizeof_ptrdiff_t=${glib_cv_sizeof_ptrdiff_t=8}
| glib_cv_sizeof_size_t=${glib_cv_sizeof_size_t=8}
| glib_cv_sizeof_system_thread=${glib_cv_sizeof_system_thread=8}
| glib_cv_stack_grows=${glib_cv_stack_grows=no}
| glib_cv_sys_pthread_cond_timedwait_posix=${glib_cv_sys_pthread_cond_timedwait_posix=yes}
| glib_cv_sys_pthread_getspecific_posix=${glib_cv_sys_pthread_getspecific_posix=yes}
| glib_cv_sys_pthread_mutex_trylock_posix=${glib_cv_sys_pthread_mutex_trylock_posix=yes}
| glib_cv_uscore=${glib_cv_uscore=no}
| glib_cv___va_copy=${glib_cv___va_copy=yes}
| glib_cv_va_copy=${glib_cv_va_copy=yes}
| glib_cv_va_val_copy=${glib_cv_va_val_copy=no}
| lftp_cv_va_copy=${lftp_cv_va_copy=yes}
| nano_cv_func_regexec_segv_emptystr=${nano_cv_func_regexec_segv_emptystr=no}
| samba_cv_HAVE_VA_COPY=${samba_cv_HAVE_VA_COPY=yes}
| screen_cv_sys_bcopy_overlap=${screen_cv_sys_bcopy_overlap=no}
| screen_cv_sys_fifo_broken_impl=${screen_cv_sys_fifo_broken_impl=yes}
| screen_cv_sys_fifo_usable=${screen_cv_sys_fifo_usable=yes}
| screen_cv_sys_memcpy_overlap=${screen_cv_sys_memcpy_overlap=no}
| screen_cv_sys_memmove_overlap=${screen_cv_sys_memmove_overlap=no}
| screen_cv_sys_select_broken_retval=${screen_cv_sys_select_broken_retval=no}
| screen_cv_sys_sockets_nofs=${screen_cv_sys_sockets_nofs=no}
| screen_cv_sys_sockets_usable=${screen_cv_sys_sockets_usable=yes}
| screen_cv_sys_terminfo_used=${screen_cv_sys_terminfo_used=yes}
| utils_cv_sys_open_max=${utils_cv_sys_open_max=1015}
| 
| # gettext
| am_cv_func_working_getline=${am_cv_func_working_getline=yes}
| 
| #gcc
| ac_cv_lib_m_sin=${ac_cv_lib_m_sin=yes}
| # libelf
| mr_cv_target_elf=${mr_cv_target_elf=yes}
| 
| # Normally kernels have /dev/random enabled
| ac_cv_file__dev_random=${ac_cv_file__dev_random=yes}
| 
| # libelf
| mr_cv_target_elf=${mr_cv_target_elf=yes}
| 
| # Normally kernels have /dev/random enabled
| ac_cv_file__dev_random=${ac_cv_file__dev_random=yes}
| 
configure:2027: checking for a BSD-compatible install
configure:2083: result: /usr/bin/install -c
configure:2094: checking whether build environment is sane
configure:2137: result: yes
configure:2165: checking for a thread-safe mkdir -p
configure:2204: result: /bin/mkdir -p
configure:2217: checking for gawk
configure:2247: result: no
configure:2217: checking for mawk
configure:2233: found /usr/bin/mawk
configure:2244: result: mawk
configure:2255: checking whether make sets $(MAKE)
configure:2276: result: yes
configure:2356: checking for arm-angstrom-linux-gnueabi-strip
configure:2383: result: arm-angstrom-linux-gnueabi-strip
configure:2467: checking whether to enable maintainer-specific portions of Makefiles
configure:2476: result: no
configure:2502: checking for style of include used by make
configure:2530: result: GNU
configure:2560: checking for arm-angstrom-linux-gnueabi-gcc
configure:2587: result: ccache arm-angstrom-linux-gnueabi-gcc -march=armv4t -mtune=arm920t
configure:2865: checking for C compiler version
configure:2872: ccache arm-angstrom-linux-gnueabi-gcc -march=armv4t -mtune=arm920t --version >&5
arm-angstrom-linux-gnueabi-gcc (GCC) 4.1.2
Copyright (C) 2006 Free Software Foundation, Inc.
This is free software; see the source for copying conditions.  There is NO
warranty; not even for MERCHANTABILITY or FITNESS FOR A PARTICULAR PURPOSE.

configure:2875: $? = 0
configure:2882: ccache arm-angstrom-linux-gnueabi-gcc -march=armv4t -mtune=arm920t -v >&5
Using built-in specs.
Target: arm-angstrom-linux-gnueabi
Configured with: /home/build/internal-daily-build/neo1973/work/x86_64-armv4t-sdk-angstrom-linux-gnueabi/gcc-cross-sdk-4.1.2-r6/gcc-4.1.2/configure --build=x86_64-linux --host=x86_64-linux --target=arm-angstrom-linux-gnueabi --prefix=/usr/local/openmoko/arm --exec_prefix=/usr/local/openmoko/arm --bindir=/usr/local/openmoko/arm/bin --sbindir=/usr/local/openmoko/arm/bin --libexecdir=/usr/local/openmoko/arm/libexec --datadir=/usr/local/openmoko/arm/share --sysconfdir=/usr/local/openmoko/arm/etc --sharedstatedir=/usr/local/openmoko/arm/share/com --localstatedir=/usr/local/openmoko/arm/var --libdir=/usr/local/openmoko/arm/lib --includedir=/usr/local/openmoko/arm/include --oldincludedir=/usr/local/openmoko/arm/include --infodir=/usr/local/openmoko/arm/share/info --mandir=/usr/local/openmoko/arm/share/man --enable-mainainer-mode --with-gnu-ld --enable-shared --enable-target-optspace --enable-languages=c,c++ --enable-threads=posix --enable-multilib --enable-c99 --enable-long-long --enable-symvers=gnu --enable-libstdcxx-pch --program-prefix=arm-angstrom-linux-gnueabi- --disable-libssp --disable-libmudflap --with-float=soft --with-local-prefix=/home/build/internal-daily-build/neo1973/staging/arm-angstrom-linux-gnueabi/usr --with-gxx-include-dir=/home/build/internal-daily-build/neo1973/staging/arm-angstrom-linux-gnueabi//usr/include/c++ --with-sysroot=/usr/local/openmoko/arm/arm-angstrom-linux-gnueabi --with-build-sysroot=/home/build/internal-daily-build/neo1973/staging/arm-angstrom-linux-gnueabi --disable-libunwind-exceptions --with-mpfr=/home/build/internal-daily-build/neo1973/staging/x86_64-linux/usr --enable-__cxa_atexit : (reconfigured) /home/build/internal-daily-build/neo1973/work/x86_64-armv4t-sdk-angstrom-linux-gnueabi/gcc-cross-sdk-4.1.2-r6/gcc-4.1.2/configure --build=x86_64-linux --host=x86_64-linux --target=arm-angstrom-linux-gnueabi --prefix=/usr/local/openmoko/arm --exec_prefix=/usr/local/openmoko/arm --bindir=/usr/local/openmoko/arm/bin --sbindir=/usr/local/openmoko/arm/bin --libexecdir=/usr/local/openmoko/arm/libexec --datadir=/usr/local/openmoko/arm/share --sysconfdir=/usr/local/openmoko/arm/etc --sharedstatedir=/usr/local/openmoko/arm/share/com --localstatedir=/usr/local/openmoko/arm/var --libdir=/usr/local/openmoko/arm/lib --includedir=/usr/local/openmoko/arm/include --oldincludedir=/usr/local/openmoko/arm/include --infodir=/usr/local/openmoko/arm/share/info --mandir=/usr/local/openmoko/arm/share/man --enable-mainainer-mode --with-gnu-ld --enable-shared --enable-target-optspace --enable-languages=c,c++ --enable-threads=posix --enable-multilib --enable-c99 --enable-long-long --enable-symvers=gnu --enable-libstdcxx-pch --program-prefix=arm-angstrom-linux-gnueabi- --disable-libssp --disable-libmudflap --with-float=soft --with-local-prefix=/home/build/internal-daily-build/neo1973/staging/arm-angstrom-linux-gnueabi/usr --with-gxx-include-dir=/home/build/internal-daily-build/neo1973/staging/arm-angstrom-linux-gnueabi//usr/include/c++ --with-sysroot=/usr/local/openmoko/arm/arm-angstrom-linux-gnueabi --with-build-sysroot=/home/build/internal-daily-build/neo1973/staging/arm-angstrom-linux-gnueabi --disable-libunwind-exceptions --with-mpfr=/home/build/internal-daily-build/neo1973/staging/x86_64-linux/usr --enable-__cxa_atexit
Thread model: posix
gcc version 4.1.2
configure:2885: $? = 0
configure:2892: ccache arm-angstrom-linux-gnueabi-gcc -march=armv4t -mtune=arm920t -V >&5
arm-angstrom-linux-gnueabi-gcc: '-V' must come at the start of the command line
configure:2895: $? = 1
configure:2918: checking for C compiler default output file name
configure:2945: ccache arm-angstrom-linux-gnueabi-gcc -march=armv4t -mtune=arm920t -isystem/usr/local/openmoko/arm/arm-angstrom-linux-gnueabi/include -fexpensive-optimizations -fomit-frame-pointer -frename-registers -Os -isystem/usr/local/openmoko/arm/arm-angstrom-linux-gnueabi/include -L/usr/local/openmoko/arm/arm-angstrom-linux-gnueabi/lib -Wl,-rpath-link,/usr/local/openmoko/arm/arm-angstrom-linux-gnueabi/lib -Wl,-O1 conftest.c  >&5
configure:2948: $? = 0
configure:2986: result: a.out
configure:3003: checking whether the C compiler works
configure:3033: result: yes
configure:3040: checking whether we are cross compiling
configure:3042: result: yes
configure:3045: checking for suffix of executables
configure:3052: ccache arm-angstrom-linux-gnueabi-gcc -march=armv4t -mtune=arm920t -o conftest -isystem/usr/local/openmoko/arm/arm-angstrom-linux-gnueabi/include -fexpensive-optimizations -fomit-frame-pointer -frename-registers -Os -isystem/usr/local/openmoko/arm/arm-angstrom-linux-gnueabi/include -L/usr/local/openmoko/arm/arm-angstrom-linux-gnueabi/lib -Wl,-rpath-link,/usr/local/openmoko/arm/arm-angstrom-linux-gnueabi/lib -Wl,-O1 conftest.c  >&5
configure:3055: $? = 0
configure:3079: result: 
configure:3085: checking for suffix of object files
configure:3111: ccache arm-angstrom-linux-gnueabi-gcc -march=armv4t -mtune=arm920t -c -isystem/usr/local/openmoko/arm/arm-angstrom-linux-gnueabi/include -fexpensive-optimizations -fomit-frame-pointer -frename-registers -Os -isystem/usr/local/openmoko/arm/arm-angstrom-linux-gnueabi/include conftest.c >&5
configure:3114: $? = 0
configure:3137: result: o
configure:3141: checking whether we are using the GNU C compiler
configure:3170: ccache arm-angstrom-linux-gnueabi-gcc -march=armv4t -mtune=arm920t -c -isystem/usr/local/openmoko/arm/arm-angstrom-linux-gnueabi/include -fexpensive-optimizations -fomit-frame-pointer -frename-registers -Os -isystem/usr/local/openmoko/arm/arm-angstrom-linux-gnueabi/include conftest.c >&5
configure:3176: $? = 0
configure:3193: result: yes
configure:3198: checking whether ccache arm-angstrom-linux-gnueabi-gcc -march=armv4t -mtune=arm920t accepts -g
configure:3228: ccache arm-angstrom-linux-gnueabi-gcc -march=armv4t -mtune=arm920t -c -g -isystem/usr/local/openmoko/arm/arm-angstrom-linux-gnueabi/include conftest.c >&5
configure:3234: $? = 0
configure:3333: result: yes
configure:3350: checking for ccache arm-angstrom-linux-gnueabi-gcc -march=armv4t -mtune=arm920t option to accept ISO C89
configure:3424: ccache arm-angstrom-linux-gnueabi-gcc -march=armv4t -mtune=arm920t  -c -isystem/usr/local/openmoko/arm/arm-angstrom-linux-gnueabi/include -fexpensive-optimizations -fomit-frame-pointer -frename-registers -Os -isystem/usr/local/openmoko/arm/arm-angstrom-linux-gnueabi/include conftest.c >&5
configure:3430: $? = 0
configure:3453: result: none needed
configure:3473: checking dependency style of ccache arm-angstrom-linux-gnueabi-gcc -march=armv4t -mtune=arm920t
configure:3564: result: gcc3
configure:3580: checking for library containing strerror
configure:3621: ccache arm-angstrom-linux-gnueabi-gcc -march=armv4t -mtune=arm920t -o conftest -isystem/usr/local/openmoko/arm/arm-angstrom-linux-gnueabi/include -fexpensive-optimizations -fomit-frame-pointer -frename-registers -Os -isystem/usr/local/openmoko/arm/arm-angstrom-linux-gnueabi/include -L/usr/local/openmoko/arm/arm-angstrom-linux-gnueabi/lib -Wl,-rpath-link,/usr/local/openmoko/arm/arm-angstrom-linux-gnueabi/lib -Wl,-O1 conftest.c  >&5
configure:3627: $? = 0
configure:3655: result: none required
configure:3671: checking for arm-angstrom-linux-gnueabi-gcc
configure:3698: result: ccache arm-angstrom-linux-gnueabi-gcc -march=armv4t -mtune=arm920t
configure:3976: checking for C compiler version
configure:3983: ccache arm-angstrom-linux-gnueabi-gcc -march=armv4t -mtune=arm920t --version >&5
arm-angstrom-linux-gnueabi-gcc (GCC) 4.1.2
Copyright (C) 2006 Free Software Foundation, Inc.
This is free software; see the source for copying conditions.  There is NO
warranty; not even for MERCHANTABILITY or FITNESS FOR A PARTICULAR PURPOSE.

configure:3986: $? = 0
configure:3993: ccache arm-angstrom-linux-gnueabi-gcc -march=armv4t -mtune=arm920t -v >&5
Using built-in specs.
Target: arm-angstrom-linux-gnueabi
Configured with: /home/build/internal-daily-build/neo1973/work/x86_64-armv4t-sdk-angstrom-linux-gnueabi/gcc-cross-sdk-4.1.2-r6/gcc-4.1.2/configure --build=x86_64-linux --host=x86_64-linux --target=arm-angstrom-linux-gnueabi --prefix=/usr/local/openmoko/arm --exec_prefix=/usr/local/openmoko/arm --bindir=/usr/local/openmoko/arm/bin --sbindir=/usr/local/openmoko/arm/bin --libexecdir=/usr/local/openmoko/arm/libexec --datadir=/usr/local/openmoko/arm/share --sysconfdir=/usr/local/openmoko/arm/etc --sharedstatedir=/usr/local/openmoko/arm/share/com --localstatedir=/usr/local/openmoko/arm/var --libdir=/usr/local/openmoko/arm/lib --includedir=/usr/local/openmoko/arm/include --oldincludedir=/usr/local/openmoko/arm/include --infodir=/usr/local/openmoko/arm/share/info --mandir=/usr/local/openmoko/arm/share/man --enable-mainainer-mode --with-gnu-ld --enable-shared --enable-target-optspace --enable-languages=c,c++ --enable-threads=posix --enable-multilib --enable-c99 --enable-long-long --enable-symvers=gnu --enable-libstdcxx-pch --program-prefix=arm-angstrom-linux-gnueabi- --disable-libssp --disable-libmudflap --with-float=soft --with-local-prefix=/home/build/internal-daily-build/neo1973/staging/arm-angstrom-linux-gnueabi/usr --with-gxx-include-dir=/home/build/internal-daily-build/neo1973/staging/arm-angstrom-linux-gnueabi//usr/include/c++ --with-sysroot=/usr/local/openmoko/arm/arm-angstrom-linux-gnueabi --with-build-sysroot=/home/build/internal-daily-build/neo1973/staging/arm-angstrom-linux-gnueabi --disable-libunwind-exceptions --with-mpfr=/home/build/internal-daily-build/neo1973/staging/x86_64-linux/usr --enable-__cxa_atexit : (reconfigured) /home/build/internal-daily-build/neo1973/work/x86_64-armv4t-sdk-angstrom-linux-gnueabi/gcc-cross-sdk-4.1.2-r6/gcc-4.1.2/configure --build=x86_64-linux --host=x86_64-linux --target=arm-angstrom-linux-gnueabi --prefix=/usr/local/openmoko/arm --exec_prefix=/usr/local/openmoko/arm --bindir=/usr/local/openmoko/arm/bin --sbindir=/usr/local/openmoko/arm/bin --libexecdir=/usr/local/openmoko/arm/libexec --datadir=/usr/local/openmoko/arm/share --sysconfdir=/usr/local/openmoko/arm/etc --sharedstatedir=/usr/local/openmoko/arm/share/com --localstatedir=/usr/local/openmoko/arm/var --libdir=/usr/local/openmoko/arm/lib --includedir=/usr/local/openmoko/arm/include --oldincludedir=/usr/local/openmoko/arm/include --infodir=/usr/local/openmoko/arm/share/info --mandir=/usr/local/openmoko/arm/share/man --enable-mainainer-mode --with-gnu-ld --enable-shared --enable-target-optspace --enable-languages=c,c++ --enable-threads=posix --enable-multilib --enable-c99 --enable-long-long --enable-symvers=gnu --enable-libstdcxx-pch --program-prefix=arm-angstrom-linux-gnueabi- --disable-libssp --disable-libmudflap --with-float=soft --with-local-prefix=/home/build/internal-daily-build/neo1973/staging/arm-angstrom-linux-gnueabi/usr --with-gxx-include-dir=/home/build/internal-daily-build/neo1973/staging/arm-angstrom-linux-gnueabi//usr/include/c++ --with-sysroot=/usr/local/openmoko/arm/arm-angstrom-linux-gnueabi --with-build-sysroot=/home/build/internal-daily-build/neo1973/staging/arm-angstrom-linux-gnueabi --disable-libunwind-exceptions --with-mpfr=/home/build/internal-daily-build/neo1973/staging/x86_64-linux/usr --enable-__cxa_atexit
Thread model: posix
gcc version 4.1.2
configure:3996: $? = 0
configure:4003: ccache arm-angstrom-linux-gnueabi-gcc -march=armv4t -mtune=arm920t -V >&5
arm-angstrom-linux-gnueabi-gcc: '-V' must come at the start of the command line
configure:4006: $? = 1
configure:4009: checking whether we are using the GNU C compiler
configure:4061: result: yes
configure:4066: checking whether ccache arm-angstrom-linux-gnueabi-gcc -march=armv4t -mtune=arm920t accepts -g
configure:4201: result: yes
configure:4218: checking for ccache arm-angstrom-linux-gnueabi-gcc -march=armv4t -mtune=arm920t option to accept ISO C89
configure:4321: result: none needed
configure:4341: checking dependency style of ccache arm-angstrom-linux-gnueabi-gcc -march=armv4t -mtune=arm920t
configure:4432: result: gcc3
configure:4449: checking for ccache arm-angstrom-linux-gnueabi-gcc -march=armv4t -mtune=arm920t option to accept ISO C99
configure:4608: ccache arm-angstrom-linux-gnueabi-gcc -march=armv4t -mtune=arm920t  -c -isystem/usr/local/openmoko/arm/arm-angstrom-linux-gnueabi/include -fexpensive-optimizations -fomit-frame-pointer -frename-registers -Os -isystem/usr/local/openmoko/arm/arm-angstrom-linux-gnueabi/include conftest.c >&5
conftest.c:60: error: expected ';', ',' or ')' before 'text'
conftest.c: In function 'main':
conftest.c:114: error: expected '=', ',', ';', 'asm' or '__attribute__' before 'newvar'
conftest.c:114: error: 'newvar' undeclared (first use in this function)
conftest.c:114: error: (Each undeclared identifier is reported only once
conftest.c:114: error: for each function it appears in.)
conftest.c:124: error: 'for' loop initial declaration used outside C99 mode
configure:4614: $? = 1
configure: failed program was:
| /* confdefs.h.  */
| #define PACKAGE_NAME "marble-game"
| #define PACKAGE_TARNAME "marble-game"
| #define PACKAGE_VERSION "0.0.1"
| #define PACKAGE_STRING "marble-game 0.0.1"
| #define PACKAGE_BUGREPORT "http://www.TODO.org/"
| #define PACKAGE "marble-game"
| #define VERSION "0.0.1"
| /* end confdefs.h.  */
| #include <stdarg.h>
| #include <stdbool.h>
| #include <stdlib.h>
| #include <wchar.h>
| #include <stdio.h>
| 
| // Check varargs macros.  These examples are taken from C99 6.10.3.5.
| #define debug(...) fprintf (stderr, __VA_ARGS__)
| #define showlist(...) puts (#__VA_ARGS__)
| #define report(test,...) ((test) ? puts (#test) : printf (__VA_ARGS__))
| static void
| test_varargs_macros (void)
| {
|   int x = 1234;
|   int y = 5678;
|   debug ("Flag");
|   debug ("X = %d\n", x);
|   showlist (The first, second, and third items.);
|   report (x>y, "x is %d but y is %d", x, y);
| }
| 
| // Check long long types.
| #define BIG64 18446744073709551615ull
| #define BIG32 4294967295ul
| #define BIG_OK (BIG64 / BIG32 == 4294967297ull && BIG64 % BIG32 == 0)
| #if !BIG_OK
|   your preprocessor is broken;
| #endif
| #if BIG_OK
| #else
|   your preprocessor is broken;
| #endif
| static long long int bignum = -9223372036854775807LL;
| static unsigned long long int ubignum = BIG64;
| 
| struct incomplete_array
| {
|   int datasize;
|   double data[];
| };
| 
| struct named_init {
|   int number;
|   const wchar_t *name;
|   double average;
| };
| 
| typedef const char *ccp;
| 
| static inline int
| test_restrict (ccp restrict text)
| {
|   // See if C++-style comments work.
|   // Iterate through items via the restricted pointer.
|   // Also check for declarations in for loops.
|   for (unsigned int i = 0; *(text+i) != '\0'; ++i)
|     continue;
|   return 0;
| }
| 
| // Check varargs and va_copy.
| static void
| test_varargs (const char *format, ...)
| {
|   va_list args;
|   va_start (args, format);
|   va_list args_copy;
|   va_copy (args_copy, args);
| 
|   const char *str;
|   int number;
|   float fnumber;
| 
|   while (*format)
|     {
|       switch (*format++)
| 	{
| 	case 's': // string
| 	  str = va_arg (args_copy, const char *);
| 	  break;
| 	case 'd': // int
| 	  number = va_arg (args_copy, int);
| 	  break;
| 	case 'f': // float
| 	  fnumber = va_arg (args_copy, double);
| 	  break;
| 	default:
| 	  break;
| 	}
|     }
|   va_end (args_copy);
|   va_end (args);
| }
| 
| int
| main ()
| {
| 
|   // Check bool.
|   _Bool success = false;
| 
|   // Check restrict.
|   if (test_restrict ("String literal") == 0)
|     success = true;
|   char *restrict newvar = "Another string";
| 
|   // Check varargs.
|   test_varargs ("s, d' f .", "string", 65, 34.234);
|   test_varargs_macros ();
| 
|   // Check flexible array members.
|   struct incomplete_array *ia =
|     malloc (sizeof (struct incomplete_array) + (sizeof (double) * 10));
|   ia->datasize = 10;
|   for (int i = 0; i < ia->datasize; ++i)
|     ia->data[i] = i * 1.234;
| 
|   // Check named initializers.
|   struct named_init ni = {
|     .number = 34,
|     .name = L"Test wide string",
|     .average = 543.34343,
|   };
| 
|   ni.number = 58;
| 
|   int dynamic_array[ni.number];
|   dynamic_array[ni.number - 1] = 543;
| 
|   // work around unused variable warnings
|   return (!success || bignum == 0LL || ubignum == 0uLL || newvar[0] == 'x'
| 	  || dynamic_array[ni.number - 1] != 543);
| 
|   ;
|   return 0;
| }
configure:4608: ccache arm-angstrom-linux-gnueabi-gcc -march=armv4t -mtune=arm920t -std=gnu99 -c -isystem/usr/local/openmoko/arm/arm-angstrom-linux-gnueabi/include -fexpensive-optimizations -fomit-frame-pointer -frename-registers -Os -isystem/usr/local/openmoko/arm/arm-angstrom-linux-gnueabi/include conftest.c >&5
configure:4614: $? = 0
configure:4644: result: -std=gnu99
configure:4774: checking for ccache arm-angstrom-linux-gnueabi-gcc -march=armv4t -mtune=arm920t -std=gnu99 option to accept ISO Standard C
configure:4785: result: -std=gnu99
configure:4795: checking how to run the C preprocessor
configure:4911: result: arm-angstrom-linux-gnueabi-gcc -E
configure:4940: arm-angstrom-linux-gnueabi-gcc -E -isystem/usr/local/openmoko/arm/arm-angstrom-linux-gnueabi/include conftest.c
configure:4946: $? = 0
configure:4977: arm-angstrom-linux-gnueabi-gcc -E -isystem/usr/local/openmoko/arm/arm-angstrom-linux-gnueabi/include conftest.c
conftest.c:10:28: error: ac_nonexistent.h: No such file or directory
configure:4983: $? = 1
configure: failed program was:
| /* confdefs.h.  */
| #define PACKAGE_NAME "marble-game"
| #define PACKAGE_TARNAME "marble-game"
| #define PACKAGE_VERSION "0.0.1"
| #define PACKAGE_STRING "marble-game 0.0.1"
| #define PACKAGE_BUGREPORT "http://www.TODO.org/"
| #define PACKAGE "marble-game"
| #define VERSION "0.0.1"
| /* end confdefs.h.  */
| #include <ac_nonexistent.h>
configure:5021: checking for grep that handles long lines and -e
configure:5095: result: /bin/grep
configure:5100: checking for egrep
configure:5178: result: /bin/grep -E
configure:5183: checking for ANSI C header files
configure:5213: ccache arm-angstrom-linux-gnueabi-gcc -march=armv4t -mtune=arm920t -std=gnu99 -c -isystem/usr/local/openmoko/arm/arm-angstrom-linux-gnueabi/include -fexpensive-optimizations -fomit-frame-pointer -frename-registers -Os -isystem/usr/local/openmoko/arm/arm-angstrom-linux-gnueabi/include conftest.c >&5
configure:5219: $? = 0
configure:5347: result: yes
configure:5435: checking build system type
configure:5453: result: x86_64-pc-linux-gnu
configure:5475: checking host system type
configure:5490: result: arm-angstrom-linux-gnueabi
configure:5512: checking for a sed that does not truncate output
configure:5566: result: /bin/sed
configure:5580: checking for ld used by ccache arm-angstrom-linux-gnueabi-gcc -march=armv4t -mtune=arm920t -std=gnu99
configure:5647: result: arm-angstrom-linux-gnueabi-ld
configure:5656: checking if the linker (arm-angstrom-linux-gnueabi-ld) is GNU ld
configure:5671: result: yes
configure:5676: checking for arm-angstrom-linux-gnueabi-ld option to reload object files
configure:5683: result: -r
configure:5701: checking for BSD-compatible nm
configure:5750: result: /usr/local/openmoko/arm/bin/arm-angstrom-linux-gnueabi-nm -B
configure:5754: checking whether ln -s works
configure:5758: result: yes
configure:5765: checking how to recognise dependent libraries
configure:5941: result: pass_all
configure:6183: checking for sys/types.h
configure:6204: ccache arm-angstrom-linux-gnueabi-gcc -march=armv4t -mtune=arm920t -std=gnu99 -c -isystem/usr/local/openmoko/arm/arm-angstrom-linux-gnueabi/include -fexpensive-optimizations -fomit-frame-pointer -frename-registers -Os -isystem/usr/local/openmoko/arm/arm-angstrom-linux-gnueabi/include conftest.c >&5
configure:6210: $? = 0
configure:6226: result: yes
configure:6183: checking for sys/stat.h
configure:6204: ccache arm-angstrom-linux-gnueabi-gcc -march=armv4t -mtune=arm920t -std=gnu99 -c -isystem/usr/local/openmoko/arm/arm-angstrom-linux-gnueabi/include -fexpensive-optimizations -fomit-frame-pointer -frename-registers -Os -isystem/usr/local/openmoko/arm/arm-angstrom-linux-gnueabi/include conftest.c >&5
configure:6210: $? = 0
configure:6226: result: yes
configure:6183: checking for stdlib.h
configure:6204: ccache arm-angstrom-linux-gnueabi-gcc -march=armv4t -mtune=arm920t -std=gnu99 -c -isystem/usr/local/openmoko/arm/arm-angstrom-linux-gnueabi/include -fexpensive-optimizations -fomit-frame-pointer -frename-registers -Os -isystem/usr/local/openmoko/arm/arm-angstrom-linux-gnueabi/include conftest.c >&5
configure:6210: $? = 0
configure:6226: result: yes
configure:6183: checking for string.h
configure:6204: ccache arm-angstrom-linux-gnueabi-gcc -march=armv4t -mtune=arm920t -std=gnu99 -c -isystem/usr/local/openmoko/arm/arm-angstrom-linux-gnueabi/include -fexpensive-optimizations -fomit-frame-pointer -frename-registers -Os -isystem/usr/local/openmoko/arm/arm-angstrom-linux-gnueabi/include conftest.c >&5
configure:6210: $? = 0
configure:6226: result: yes
configure:6183: checking for memory.h
configure:6204: ccache arm-angstrom-linux-gnueabi-gcc -march=armv4t -mtune=arm920t -std=gnu99 -c -isystem/usr/local/openmoko/arm/arm-angstrom-linux-gnueabi/include -fexpensive-optimizations -fomit-frame-pointer -frename-registers -Os -isystem/usr/local/openmoko/arm/arm-angstrom-linux-gnueabi/include conftest.c >&5
configure:6210: $? = 0
configure:6226: result: yes
configure:6183: checking for strings.h
configure:6204: ccache arm-angstrom-linux-gnueabi-gcc -march=armv4t -mtune=arm920t -std=gnu99 -c -isystem/usr/local/openmoko/arm/arm-angstrom-linux-gnueabi/include -fexpensive-optimizations -fomit-frame-pointer -frename-registers -Os -isystem/usr/local/openmoko/arm/arm-angstrom-linux-gnueabi/include conftest.c >&5
configure:6210: $? = 0
configure:6226: result: yes
configure:6183: checking for inttypes.h
configure:6204: ccache arm-angstrom-linux-gnueabi-gcc -march=armv4t -mtune=arm920t -std=gnu99 -c -isystem/usr/local/openmoko/arm/arm-angstrom-linux-gnueabi/include -fexpensive-optimizations -fomit-frame-pointer -frename-registers -Os -isystem/usr/local/openmoko/arm/arm-angstrom-linux-gnueabi/include conftest.c >&5
configure:6210: $? = 0
configure:6226: result: yes
configure:6183: checking for stdint.h
configure:6204: ccache arm-angstrom-linux-gnueabi-gcc -march=armv4t -mtune=arm920t -std=gnu99 -c -isystem/usr/local/openmoko/arm/arm-angstrom-linux-gnueabi/include -fexpensive-optimizations -fomit-frame-pointer -frename-registers -Os -isystem/usr/local/openmoko/arm/arm-angstrom-linux-gnueabi/include conftest.c >&5
configure:6210: $? = 0
configure:6226: result: yes
configure:6183: checking for unistd.h
configure:6204: ccache arm-angstrom-linux-gnueabi-gcc -march=armv4t -mtune=arm920t -std=gnu99 -c -isystem/usr/local/openmoko/arm/arm-angstrom-linux-gnueabi/include -fexpensive-optimizations -fomit-frame-pointer -frename-registers -Os -isystem/usr/local/openmoko/arm/arm-angstrom-linux-gnueabi/include conftest.c >&5
configure:6210: $? = 0
configure:6226: result: yes
configure:6253: checking dlfcn.h usability
configure:6270: ccache arm-angstrom-linux-gnueabi-gcc -march=armv4t -mtune=arm920t -std=gnu99 -c -isystem/usr/local/openmoko/arm/arm-angstrom-linux-gnueabi/include -fexpensive-optimizations -fomit-frame-pointer -frename-registers -Os -isystem/usr/local/openmoko/arm/arm-angstrom-linux-gnueabi/include conftest.c >&5
configure:6276: $? = 0
configure:6290: result: yes
configure:6294: checking dlfcn.h presence
configure:6309: arm-angstrom-linux-gnueabi-gcc -E -isystem/usr/local/openmoko/arm/arm-angstrom-linux-gnueabi/include conftest.c
configure:6315: $? = 0
configure:6329: result: yes
configure:6362: checking for dlfcn.h
configure:6370: result: yes
configure:6499: checking for C++ compiler version
configure:6506: ccache arm-angstrom-linux-gnueabi-g++ -march=armv4t -mtune=arm920t --version >&5
arm-angstrom-linux-gnueabi-g++ (GCC) 4.1.2
Copyright (C) 2006 Free Software Foundation, Inc.
This is free software; see the source for copying conditions.  There is NO
warranty; not even for MERCHANTABILITY or FITNESS FOR A PARTICULAR PURPOSE.

configure:6509: $? = 0
configure:6516: ccache arm-angstrom-linux-gnueabi-g++ -march=armv4t -mtune=arm920t -v >&5
Using built-in specs.
Target: arm-angstrom-linux-gnueabi
Configured with: /home/build/internal-daily-build/neo1973/work/x86_64-armv4t-sdk-angstrom-linux-gnueabi/gcc-cross-sdk-4.1.2-r6/gcc-4.1.2/configure --build=x86_64-linux --host=x86_64-linux --target=arm-angstrom-linux-gnueabi --prefix=/usr/local/openmoko/arm --exec_prefix=/usr/local/openmoko/arm --bindir=/usr/local/openmoko/arm/bin --sbindir=/usr/local/openmoko/arm/bin --libexecdir=/usr/local/openmoko/arm/libexec --datadir=/usr/local/openmoko/arm/share --sysconfdir=/usr/local/openmoko/arm/etc --sharedstatedir=/usr/local/openmoko/arm/share/com --localstatedir=/usr/local/openmoko/arm/var --libdir=/usr/local/openmoko/arm/lib --includedir=/usr/local/openmoko/arm/include --oldincludedir=/usr/local/openmoko/arm/include --infodir=/usr/local/openmoko/arm/share/info --mandir=/usr/local/openmoko/arm/share/man --enable-mainainer-mode --with-gnu-ld --enable-shared --enable-target-optspace --enable-languages=c,c++ --enable-threads=posix --enable-multilib --enable-c99 --enable-long-long --enable-symvers=gnu --enable-libstdcxx-pch --program-prefix=arm-angstrom-linux-gnueabi- --disable-libssp --disable-libmudflap --with-float=soft --with-local-prefix=/home/build/internal-daily-build/neo1973/staging/arm-angstrom-linux-gnueabi/usr --with-gxx-include-dir=/home/build/internal-daily-build/neo1973/staging/arm-angstrom-linux-gnueabi//usr/include/c++ --with-sysroot=/usr/local/openmoko/arm/arm-angstrom-linux-gnueabi --with-build-sysroot=/home/build/internal-daily-build/neo1973/staging/arm-angstrom-linux-gnueabi --disable-libunwind-exceptions --with-mpfr=/home/build/internal-daily-build/neo1973/staging/x86_64-linux/usr --enable-__cxa_atexit : (reconfigured) /home/build/internal-daily-build/neo1973/work/x86_64-armv4t-sdk-angstrom-linux-gnueabi/gcc-cross-sdk-4.1.2-r6/gcc-4.1.2/configure --build=x86_64-linux --host=x86_64-linux --target=arm-angstrom-linux-gnueabi --prefix=/usr/local/openmoko/arm --exec_prefix=/usr/local/openmoko/arm --bindir=/usr/local/openmoko/arm/bin --sbindir=/usr/local/openmoko/arm/bin --libexecdir=/usr/local/openmoko/arm/libexec --datadir=/usr/local/openmoko/arm/share --sysconfdir=/usr/local/openmoko/arm/etc --sharedstatedir=/usr/local/openmoko/arm/share/com --localstatedir=/usr/local/openmoko/arm/var --libdir=/usr/local/openmoko/arm/lib --includedir=/usr/local/openmoko/arm/include --oldincludedir=/usr/local/openmoko/arm/include --infodir=/usr/local/openmoko/arm/share/info --mandir=/usr/local/openmoko/arm/share/man --enable-mainainer-mode --with-gnu-ld --enable-shared --enable-target-optspace --enable-languages=c,c++ --enable-threads=posix --enable-multilib --enable-c99 --enable-long-long --enable-symvers=gnu --enable-libstdcxx-pch --program-prefix=arm-angstrom-linux-gnueabi- --disable-libssp --disable-libmudflap --with-float=soft --with-local-prefix=/home/build/internal-daily-build/neo1973/staging/arm-angstrom-linux-gnueabi/usr --with-gxx-include-dir=/home/build/internal-daily-build/neo1973/staging/arm-angstrom-linux-gnueabi//usr/include/c++ --with-sysroot=/usr/local/openmoko/arm/arm-angstrom-linux-gnueabi --with-build-sysroot=/home/build/internal-daily-build/neo1973/staging/arm-angstrom-linux-gnueabi --disable-libunwind-exceptions --with-mpfr=/home/build/internal-daily-build/neo1973/staging/x86_64-linux/usr --enable-__cxa_atexit
Thread model: posix
gcc version 4.1.2
configure:6519: $? = 0
configure:6526: ccache arm-angstrom-linux-gnueabi-g++ -march=armv4t -mtune=arm920t -V >&5
arm-angstrom-linux-gnueabi-g++: argument to '-V' missing

configure:6529: $? = 1
configure:6532: checking whether we are using the GNU C++ compiler
configure:6561: ccache arm-angstrom-linux-gnueabi-g++ -march=armv4t -mtune=arm920t -c -isystem/usr/local/openmoko/arm/arm-angstrom-linux-gnueabi/include -fexpensive-optimizations -fomit-frame-pointer -frename-registers -Os -fpermissive -fvisibility-inlines-hidden -isystem/usr/local/openmoko/arm/arm-angstrom-linux-gnueabi/include conftest.cpp >&5
configure:6567: $? = 0
configure:6584: result: yes
configure:6589: checking whether ccache arm-angstrom-linux-gnueabi-g++ -march=armv4t -mtune=arm920t accepts -g
configure:6619: ccache arm-angstrom-linux-gnueabi-g++ -march=armv4t -mtune=arm920t -c -g -isystem/usr/local/openmoko/arm/arm-angstrom-linux-gnueabi/include conftest.cpp >&5
configure:6625: $? = 0
configure:6724: result: yes
configure:6749: checking dependency style of ccache arm-angstrom-linux-gnueabi-g++ -march=armv4t -mtune=arm920t
configure:6840: result: gcc3
configure:6865: checking how to run the C++ preprocessor
configure:6901: ccache arm-angstrom-linux-gnueabi-g++ -march=armv4t -mtune=arm920t -E -isystem/usr/local/openmoko/arm/arm-angstrom-linux-gnueabi/include conftest.cpp
configure:6907: $? = 0
configure:6938: ccache arm-angstrom-linux-gnueabi-g++ -march=armv4t -mtune=arm920t -E -isystem/usr/local/openmoko/arm/arm-angstrom-linux-gnueabi/include conftest.cpp
conftest.cpp:21:28: error: ac_nonexistent.h: No such file or directory
configure:6944: $? = 1
configure: failed program was:
| /* confdefs.h.  */
| #define PACKAGE_NAME "marble-game"
| #define PACKAGE_TARNAME "marble-game"
| #define PACKAGE_VERSION "0.0.1"
| #define PACKAGE_STRING "marble-game 0.0.1"
| #define PACKAGE_BUGREPORT "http://www.TODO.org/"
| #define PACKAGE "marble-game"
| #define VERSION "0.0.1"
| #define STDC_HEADERS 1
| #define HAVE_SYS_TYPES_H 1
| #define HAVE_SYS_STAT_H 1
| #define HAVE_STDLIB_H 1
| #define HAVE_STRING_H 1
| #define HAVE_MEMORY_H 1
| #define HAVE_STRINGS_H 1
| #define HAVE_INTTYPES_H 1
| #define HAVE_STDINT_H 1
| #define HAVE_UNISTD_H 1
| #define HAVE_DLFCN_H 1
| /* end confdefs.h.  */
| #include <ac_nonexistent.h>
configure:6977: result: ccache arm-angstrom-linux-gnueabi-g++ -march=armv4t -mtune=arm920t -E
configure:7006: ccache arm-angstrom-linux-gnueabi-g++ -march=armv4t -mtune=arm920t -E -isystem/usr/local/openmoko/arm/arm-angstrom-linux-gnueabi/include conftest.cpp
configure:7012: $? = 0
configure:7043: ccache arm-angstrom-linux-gnueabi-g++ -march=armv4t -mtune=arm920t -E -isystem/usr/local/openmoko/arm/arm-angstrom-linux-gnueabi/include conftest.cpp
conftest.cpp:21:28: error: ac_nonexistent.h: No such file or directory
configure:7049: $? = 1
configure: failed program was:
| /* confdefs.h.  */
| #define PACKAGE_NAME "marble-game"
| #define PACKAGE_TARNAME "marble-game"
| #define PACKAGE_VERSION "0.0.1"
| #define PACKAGE_STRING "marble-game 0.0.1"
| #define PACKAGE_BUGREPORT "http://www.TODO.org/"
| #define PACKAGE "marble-game"
| #define VERSION "0.0.1"
| #define STDC_HEADERS 1
| #define HAVE_SYS_TYPES_H 1
| #define HAVE_SYS_STAT_H 1
| #define HAVE_STDLIB_H 1
| #define HAVE_STRING_H 1
| #define HAVE_MEMORY_H 1
| #define HAVE_STRINGS_H 1
| #define HAVE_INTTYPES_H 1
| #define HAVE_STDINT_H 1
| #define HAVE_UNISTD_H 1
| #define HAVE_DLFCN_H 1
| /* end confdefs.h.  */
| #include <ac_nonexistent.h>
configure:7098: checking for arm-angstrom-linux-gnueabi-g77
configure:7125: result: ccache arm-angstrom-linux-gnueabi-g77 -march=armv4t -mtune=arm920t
configure:7199: checking for Fortran 77 compiler version
configure:7206: ccache arm-angstrom-linux-gnueabi-g77 -march=armv4t -mtune=arm920t --version >&5
arm-angstrom-linux-gnueabi-g77: No such file or directory
configure:7209: $? = 1
configure:7216: ccache arm-angstrom-linux-gnueabi-g77 -march=armv4t -mtune=arm920t -v >&5
arm-angstrom-linux-gnueabi-g77: No such file or directory
configure:7219: $? = 1
configure:7226: ccache arm-angstrom-linux-gnueabi-g77 -march=armv4t -mtune=arm920t -V >&5
arm-angstrom-linux-gnueabi-g77: No such file or directory
configure:7229: $? = 1
configure:7237: checking whether we are using the GNU Fortran 77 compiler
configure:7256: ccache arm-angstrom-linux-gnueabi-g77 -march=armv4t -mtune=arm920t -c  conftest.F >&5
arm-angstrom-linux-gnueabi-g77: No such file or directory
configure:7262: $? = 1
configure: failed program was:
|       program main
| #ifndef __GNUC__
|        choke me
| #endif
| 
|       end
configure:7279: result: no
configure:7285: checking whether ccache arm-angstrom-linux-gnueabi-g77 -march=armv4t -mtune=arm920t accepts -g
configure:7302: ccache arm-angstrom-linux-gnueabi-g77 -march=armv4t -mtune=arm920t -c -g conftest.f >&5
arm-angstrom-linux-gnueabi-g77: No such file or directory
configure:7308: $? = 1
configure: failed program was:
|       program main
| 
|       end
configure:7324: result: no
configure:7354: checking the maximum length of command line arguments
configure:7463: result: 32768
configure:7474: checking command to parse /usr/local/openmoko/arm/bin/arm-angstrom-linux-gnueabi-nm -B output from ccache arm-angstrom-linux-gnueabi-gcc -march=armv4t -mtune=arm920t -std=gnu99 object
configure:7579: ccache arm-angstrom-linux-gnueabi-gcc -march=armv4t -mtune=arm920t -std=gnu99 -c -isystem/usr/local/openmoko/arm/arm-angstrom-linux-gnueabi/include -fexpensive-optimizations -fomit-frame-pointer -frename-registers -Os -isystem/usr/local/openmoko/arm/arm-angstrom-linux-gnueabi/include conftest.c >&5
configure:7582: $? = 0
configure:7586: /usr/local/openmoko/arm/bin/arm-angstrom-linux-gnueabi-nm -B conftest.o \| sed -n -e 's/^.*[ 	]\([ABCDGIRSTW][ABCDGIRSTW]*\)[ 	][ 	]*\([_A-Za-z][_A-Za-z0-9]*\)$/\1 \2 \2/p' \> conftest.nm
configure:7589: $? = 0
configure:7641: ccache arm-angstrom-linux-gnueabi-gcc -march=armv4t -mtune=arm920t -std=gnu99 -o conftest -isystem/usr/local/openmoko/arm/arm-angstrom-linux-gnueabi/include -fexpensive-optimizations -fomit-frame-pointer -frename-registers -Os -isystem/usr/local/openmoko/arm/arm-angstrom-linux-gnueabi/include -L/usr/local/openmoko/arm/arm-angstrom-linux-gnueabi/lib -Wl,-rpath-link,/usr/local/openmoko/arm/arm-angstrom-linux-gnueabi/lib -Wl,-O1 conftest.c conftstm.o >&5
configure:7644: $? = 0
configure:7682: result: ok
configure:7686: checking for objdir
configure:7701: result: .libs
configure:7753: checking for arm-angstrom-linux-gnueabi-ar
configure:7780: result: arm-angstrom-linux-gnueabi-ar
configure:7849: checking for arm-angstrom-linux-gnueabi-ranlib
configure:7876: result: arm-angstrom-linux-gnueabi-ranlib
configure:7945: checking for arm-angstrom-linux-gnueabi-strip
configure:7972: result: arm-angstrom-linux-gnueabi-strip
configure:8298: checking if ccache arm-angstrom-linux-gnueabi-gcc -march=armv4t -mtune=arm920t -std=gnu99 supports -fno-rtti -fno-exceptions
configure:8316: ccache arm-angstrom-linux-gnueabi-gcc -march=armv4t -mtune=arm920t -std=gnu99 -c -isystem/usr/local/openmoko/arm/arm-angstrom-linux-gnueabi/include -fexpensive-optimizations -fomit-frame-pointer -frename-registers -Os -isystem/usr/local/openmoko/arm/arm-angstrom-linux-gnueabi/include -fno-rtti -fno-exceptions conftest.c >&5
cc1: warning: command line option "-fno-rtti" is valid for C++/ObjC++ but not for C
cc1: warning: command line option "-fno-rtti" is valid for C++/ObjC++ but not for C
configure:8320: $? = 0
configure:8333: result: no
configure:8348: checking for ccache arm-angstrom-linux-gnueabi-gcc -march=armv4t -mtune=arm920t -std=gnu99 option to produce PIC
configure:8558: result: -fPIC
configure:8566: checking if ccache arm-angstrom-linux-gnueabi-gcc -march=armv4t -mtune=arm920t -std=gnu99 PIC flag -fPIC works
configure:8584: ccache arm-angstrom-linux-gnueabi-gcc -march=armv4t -mtune=arm920t -std=gnu99 -c -isystem/usr/local/openmoko/arm/arm-angstrom-linux-gnueabi/include -fexpensive-optimizations -fomit-frame-pointer -frename-registers -Os -isystem/usr/local/openmoko/arm/arm-angstrom-linux-gnueabi/include -fPIC -DPIC conftest.c >&5
configure:8588: $? = 0
configure:8601: result: yes
configure:8629: checking if ccache arm-angstrom-linux-gnueabi-gcc -march=armv4t -mtune=arm920t -std=gnu99 static flag -static works
configure:8657: result: yes
configure:8667: checking if ccache arm-angstrom-linux-gnueabi-gcc -march=armv4t -mtune=arm920t -std=gnu99 supports -c -o file.o
configure:8688: ccache arm-angstrom-linux-gnueabi-gcc -march=armv4t -mtune=arm920t -std=gnu99 -c -isystem/usr/local/openmoko/arm/arm-angstrom-linux-gnueabi/include -fexpensive-optimizations -fomit-frame-pointer -frename-registers -Os -isystem/usr/local/openmoko/arm/arm-angstrom-linux-gnueabi/include -o out/conftest2.o conftest.c >&5
configure:8692: $? = 0
configure:8714: result: yes
configure:8740: checking whether the ccache arm-angstrom-linux-gnueabi-gcc -march=armv4t -mtune=arm920t -std=gnu99 linker (arm-angstrom-linux-gnueabi-ld) supports shared libraries
configure:9695: result: yes
configure:9716: checking whether -lc should be explicitly linked in
configure:9721: ccache arm-angstrom-linux-gnueabi-gcc -march=armv4t -mtune=arm920t -std=gnu99 -c -isystem/usr/local/openmoko/arm/arm-angstrom-linux-gnueabi/include -fexpensive-optimizations -fomit-frame-pointer -frename-registers -Os -isystem/usr/local/openmoko/arm/arm-angstrom-linux-gnueabi/include conftest.c >&5
configure:9724: $? = 0
configure:9739: ccache arm-angstrom-linux-gnueabi-gcc -march=armv4t -mtune=arm920t -std=gnu99 -shared conftest.o  -v -Wl,-soname -Wl,conftest -o conftest 2\>\&1 \| grep  -lc  \>/dev/null 2\>\&1
configure:9742: $? = 0
configure:9754: result: no
configure:9762: checking dynamic linker characteristics
configure:10338: result: GNU/Linux ld.so
configure:10347: checking how to hardcode library paths into programs
configure:10372: result: immediate
configure:10386: checking whether stripping libraries is possible
configure:10391: result: yes
configure:11192: checking if libtool supports shared libraries
configure:11194: result: yes
configure:11197: checking whether to build shared libraries
configure:11218: result: yes
configure:11221: checking whether to build static libraries
configure:11225: result: yes
configure:11317: creating libtool
configure:11905: checking for ld used by ccache arm-angstrom-linux-gnueabi-g++ -march=armv4t -mtune=arm920t
configure:11972: result: arm-angstrom-linux-gnueabi-ld
configure:11981: checking if the linker (arm-angstrom-linux-gnueabi-ld) is GNU ld
configure:11996: result: yes
configure:12047: checking whether the ccache arm-angstrom-linux-gnueabi-g++ -march=armv4t -mtune=arm920t linker (arm-angstrom-linux-gnueabi-ld) supports shared libraries
configure:12981: result: yes
configure:12999: ccache arm-angstrom-linux-gnueabi-g++ -march=armv4t -mtune=arm920t -c -isystem/usr/local/openmoko/arm/arm-angstrom-linux-gnueabi/include -fexpensive-optimizations -fomit-frame-pointer -frename-registers -Os -fpermissive -fvisibility-inlines-hidden -isystem/usr/local/openmoko/arm/arm-angstrom-linux-gnueabi/include conftest.cpp >&5
configure:13002: $? = 0
configure:13121: checking for ccache arm-angstrom-linux-gnueabi-g++ -march=armv4t -mtune=arm920t option to produce PIC
configure:13395: result: -fPIC
configure:13403: checking if ccache arm-angstrom-linux-gnueabi-g++ -march=armv4t -mtune=arm920t PIC flag -fPIC works
configure:13421: ccache arm-angstrom-linux-gnueabi-g++ -march=armv4t -mtune=arm920t -c -isystem/usr/local/openmoko/arm/arm-angstrom-linux-gnueabi/include -fexpensive-optimizations -fomit-frame-pointer -frename-registers -Os -fpermissive -fvisibility-inlines-hidden -isystem/usr/local/openmoko/arm/arm-angstrom-linux-gnueabi/include -fPIC -DPIC conftest.cpp >&5
configure:13425: $? = 0
configure:13438: result: yes
configure:13466: checking if ccache arm-angstrom-linux-gnueabi-g++ -march=armv4t -mtune=arm920t static flag -static works
configure:13494: result: yes
configure:13504: checking if ccache arm-angstrom-linux-gnueabi-g++ -march=armv4t -mtune=arm920t supports -c -o file.o
configure:13525: ccache arm-angstrom-linux-gnueabi-g++ -march=armv4t -mtune=arm920t -c -isystem/usr/local/openmoko/arm/arm-angstrom-linux-gnueabi/include -fexpensive-optimizations -fomit-frame-pointer -frename-registers -Os -fpermissive -fvisibility-inlines-hidden -isystem/usr/local/openmoko/arm/arm-angstrom-linux-gnueabi/include -o out/conftest2.o conftest.cpp >&5
configure:13529: $? = 0
configure:13551: result: yes
configure:13577: checking whether the ccache arm-angstrom-linux-gnueabi-g++ -march=armv4t -mtune=arm920t linker (arm-angstrom-linux-gnueabi-ld) supports shared libraries
configure:13605: result: yes
configure:13672: checking dynamic linker characteristics
configure:14248: result: GNU/Linux ld.so
configure:14257: checking how to hardcode library paths into programs
configure:14282: result: immediate
configure:14808: checking if libtool supports shared libraries
configure:14810: result: yes
configure:14813: checking whether to build shared libraries
configure:14833: result: yes
configure:14836: checking whether to build static libraries
configure:14840: result: yes
configure:14850: checking for ccache arm-angstrom-linux-gnueabi-g77 -march=armv4t -mtune=arm920t option to produce PIC
configure:15060: result: -fPIC
configure:15068: checking if ccache arm-angstrom-linux-gnueabi-g77 -march=armv4t -mtune=arm920t PIC flag -fPIC works
configure:15086: ccache arm-angstrom-linux-gnueabi-g77 -march=armv4t -mtune=arm920t -c  -fPIC conftest.f >&5
arm-angstrom-linux-gnueabi-g77: No such file or directory
configure:15090: $? = 1
configure:15103: result: no
configure:15131: checking if ccache arm-angstrom-linux-gnueabi-g77 -march=armv4t -mtune=arm920t static flag -static works
configure:15159: result: no
configure:15169: checking if ccache arm-angstrom-linux-gnueabi-g77 -march=armv4t -mtune=arm920t supports -c -o file.o
configure:15190: ccache arm-angstrom-linux-gnueabi-g77 -march=armv4t -mtune=arm920t -c  -o out/conftest2.o conftest.f >&5
arm-angstrom-linux-gnueabi-g77: No such file or directory
configure:15194: $? = 1
configure:15216: result: no
configure:15242: checking whether the ccache arm-angstrom-linux-gnueabi-g77 -march=armv4t -mtune=arm920t linker (arm-angstrom-linux-gnueabi-ld) supports shared libraries
configure:16177: result: yes
configure:16244: checking dynamic linker characteristics
configure:16820: result: GNU/Linux ld.so
configure:16829: checking how to hardcode library paths into programs
configure:16854: result: immediate
configure:20412: checking for intltool >= 0.35.0
configure:20419: result: 0.35.0 found
configure:20475: checking for perl
configure:20493: found /usr/bin/perl
configure:20505: result: /usr/bin/perl
configure:20524: checking for XML::Parser
configure:20527: result: ok
configure:20538: checking for iconv
configure:20556: found /usr/bin/iconv
configure:20569: result: /usr/bin/iconv
configure:20579: checking for msgfmt
configure:20597: found /usr/bin/msgfmt
configure:20610: result: /usr/bin/msgfmt
configure:20620: checking for msgmerge
configure:20638: found /usr/bin/msgmerge
configure:20651: result: /usr/bin/msgmerge
configure:20661: checking for xgettext
configure:20679: found /usr/bin/xgettext
configure:20692: result: /usr/bin/xgettext
configure:20729: ccache arm-angstrom-linux-gnueabi-gcc -march=armv4t -mtune=arm920t -std=gnu99 -o conftest -isystem/usr/local/openmoko/arm/arm-angstrom-linux-gnueabi/include -fexpensive-optimizations -fomit-frame-pointer -frename-registers -Os -isystem/usr/local/openmoko/arm/arm-angstrom-linux-gnueabi/include -L/usr/local/openmoko/arm/arm-angstrom-linux-gnueabi/lib -Wl,-rpath-link,/usr/local/openmoko/arm/arm-angstrom-linux-gnueabi/lib -Wl,-O1 conftest.c  >&5
configure:20735: $? = 0
configure:20878: checking locale.h usability
configure:20895: ccache arm-angstrom-linux-gnueabi-gcc -march=armv4t -mtune=arm920t -std=gnu99 -c -isystem/usr/local/openmoko/arm/arm-angstrom-linux-gnueabi/include -fexpensive-optimizations -fomit-frame-pointer -frename-registers -Os -isystem/usr/local/openmoko/arm/arm-angstrom-linux-gnueabi/include conftest.c >&5
configure:20901: $? = 0
configure:20915: result: yes
configure:20919: checking locale.h presence
configure:20934: arm-angstrom-linux-gnueabi-gcc -E -isystem/usr/local/openmoko/arm/arm-angstrom-linux-gnueabi/include conftest.c
configure:20940: $? = 0
configure:20954: result: yes
configure:20987: checking for locale.h
configure:20995: result: yes
configure:21009: checking for LC_MESSAGES
configure:21035: ccache arm-angstrom-linux-gnueabi-gcc -march=armv4t -mtune=arm920t -std=gnu99 -o conftest -isystem/usr/local/openmoko/arm/arm-angstrom-linux-gnueabi/include -fexpensive-optimizations -fomit-frame-pointer -frename-registers -Os -isystem/usr/local/openmoko/arm/arm-angstrom-linux-gnueabi/include -L/usr/local/openmoko/arm/arm-angstrom-linux-gnueabi/lib -Wl,-rpath-link,/usr/local/openmoko/arm/arm-angstrom-linux-gnueabi/lib -Wl,-O1 conftest.c  >&5
configure:21041: $? = 0
configure:21058: result: yes
configure:21087: checking libintl.h usability
configure:21104: ccache arm-angstrom-linux-gnueabi-gcc -march=armv4t -mtune=arm920t -std=gnu99 -c -isystem/usr/local/openmoko/arm/arm-angstrom-linux-gnueabi/include -fexpensive-optimizations -fomit-frame-pointer -frename-registers -Os -isystem/usr/local/openmoko/arm/arm-angstrom-linux-gnueabi/include conftest.c >&5
configure:21110: $? = 0
configure:21124: result: yes
configure:21128: checking libintl.h presence
configure:21143: arm-angstrom-linux-gnueabi-gcc -E -isystem/usr/local/openmoko/arm/arm-angstrom-linux-gnueabi/include conftest.c
configure:21149: $? = 0
configure:21163: result: yes
configure:21196: checking for libintl.h
configure:21203: result: yes
configure:21214: checking for ngettext in libc
configure:21242: ccache arm-angstrom-linux-gnueabi-gcc -march=armv4t -mtune=arm920t -std=gnu99 -o conftest -isystem/usr/local/openmoko/arm/arm-angstrom-linux-gnueabi/include -fexpensive-optimizations -fomit-frame-pointer -frename-registers -Os -isystem/usr/local/openmoko/arm/arm-angstrom-linux-gnueabi/include -L/usr/local/openmoko/arm/arm-angstrom-linux-gnueabi/lib -Wl,-rpath-link,/usr/local/openmoko/arm/arm-angstrom-linux-gnueabi/lib -Wl,-O1 conftest.c  >&5
configure:21248: $? = 0
configure:21266: result: yes
configure:21270: checking for dgettext in libc
configure:21298: ccache arm-angstrom-linux-gnueabi-gcc -march=armv4t -mtune=arm920t -std=gnu99 -o conftest -isystem/usr/local/openmoko/arm/arm-angstrom-linux-gnueabi/include -fexpensive-optimizations -fomit-frame-pointer -frename-registers -Os -isystem/usr/local/openmoko/arm/arm-angstrom-linux-gnueabi/include -L/usr/local/openmoko/arm/arm-angstrom-linux-gnueabi/lib -Wl,-rpath-link,/usr/local/openmoko/arm/arm-angstrom-linux-gnueabi/lib -Wl,-O1 conftest.c  >&5
configure:21304: $? = 0
configure:21322: result: yes
configure:21331: checking for bind_textdomain_codeset
configure:21387: ccache arm-angstrom-linux-gnueabi-gcc -march=armv4t -mtune=arm920t -std=gnu99 -o conftest -isystem/usr/local/openmoko/arm/arm-angstrom-linux-gnueabi/include -fexpensive-optimizations -fomit-frame-pointer -frename-registers -Os -isystem/usr/local/openmoko/arm/arm-angstrom-linux-gnueabi/include -L/usr/local/openmoko/arm/arm-angstrom-linux-gnueabi/lib -Wl,-rpath-link,/usr/local/openmoko/arm/arm-angstrom-linux-gnueabi/lib -Wl,-O1 conftest.c  >&5
configure:21393: $? = 0
configure:21411: result: yes
configure:21898: checking for msgfmt
configure:21925: result: /usr/bin/msgfmt
configure:21938: checking for dcgettext
configure:21994: ccache arm-angstrom-linux-gnueabi-gcc -march=armv4t -mtune=arm920t -std=gnu99 -o conftest -isystem/usr/local/openmoko/arm/arm-angstrom-linux-gnueabi/include -fexpensive-optimizations -fomit-frame-pointer -frename-registers -Os -isystem/usr/local/openmoko/arm/arm-angstrom-linux-gnueabi/include -L/usr/local/openmoko/arm/arm-angstrom-linux-gnueabi/lib -Wl,-rpath-link,/usr/local/openmoko/arm/arm-angstrom-linux-gnueabi/lib -Wl,-O1 conftest.c   >&5
conftest.c:49: warning: conflicting types for built-in function 'dcgettext'
configure:22000: $? = 0
configure:22018: result: yes
configure:22030: checking for gmsgfmt
configure:22061: result: /usr/bin/msgfmt
configure:22071: checking for xgettext
configure:22098: result: /usr/bin/xgettext
configure:22127: ccache arm-angstrom-linux-gnueabi-gcc -march=armv4t -mtune=arm920t -std=gnu99 -o conftest -isystem/usr/local/openmoko/arm/arm-angstrom-linux-gnueabi/include -fexpensive-optimizations -fomit-frame-pointer -frename-registers -Os -isystem/usr/local/openmoko/arm/arm-angstrom-linux-gnueabi/include -L/usr/local/openmoko/arm/arm-angstrom-linux-gnueabi/lib -Wl,-rpath-link,/usr/local/openmoko/arm/arm-angstrom-linux-gnueabi/lib -Wl,-O1 conftest.c   >&5
configure:22133: $? = 0
configure:22505: creating ./config.status

## ---------------------- ##
## Running config.status. ##
## ---------------------- ##

This file was extended by marble-game config.status 0.0.1, which was
generated by GNU Autoconf 2.61.  Invocation command line was

  CONFIG_FILES    = 
  CONFIG_HEADERS  = 
  CONFIG_LINKS    = 
  CONFIG_COMMANDS = 
  $ ./config.status 

on gumgrok

config.status:720: creating Makefile
config.status:720: creating src/Makefile
config.status:720: creating data/Makefile
config.status:720: creating po/Makefile.in
config.status:720: creating config.h
config.status:954: config.h is unchanged
config.status:1000: executing depfiles commands
config.status:1000: executing intltool commands
config.status:1000: executing default-1 commands
config.status:1000: executing po/stamp-it commands

## ---------------- ##
## Cache variables. ##
## ---------------- ##

ac_cv_af_unix_large_dgram=yes
ac_cv_build=x86_64-pc-linux-gnu
ac_cv_c_bigendian=no
ac_cv_c_compiler_gnu=yes
ac_cv_c_littleendian=yes
ac_cv_check_sjlj=ssjlj
ac_cv_cxx_compiler_gnu=yes
ac_cv_env_CCC_set=
ac_cv_env_CCC_value=
ac_cv_env_CC_set=set
ac_cv_env_CC_value='ccache arm-angstrom-linux-gnueabi-gcc -march=armv4t -mtune=arm920t'
ac_cv_env_CFLAGS_set=set
ac_cv_env_CFLAGS_value='-isystem/usr/local/openmoko/arm/arm-angstrom-linux-gnueabi/include -fexpensive-optimizations -fomit-frame-pointer -frename-registers -Os'
ac_cv_env_CPPFLAGS_set=set
ac_cv_env_CPPFLAGS_value=-isystem/usr/local/openmoko/arm/arm-angstrom-linux-gnueabi/include
ac_cv_env_CPP_set=set
ac_cv_env_CPP_value='arm-angstrom-linux-gnueabi-gcc -E'
ac_cv_env_CXXCPP_set=
ac_cv_env_CXXCPP_value=
ac_cv_env_CXXFLAGS_set=set
ac_cv_env_CXXFLAGS_value='-isystem/usr/local/openmoko/arm/arm-angstrom-linux-gnueabi/include -fexpensive-optimizations -fomit-frame-pointer -frename-registers -Os -fpermissive -fvisibility-inlines-hidden'
ac_cv_env_CXX_set=set
ac_cv_env_CXX_value='ccache arm-angstrom-linux-gnueabi-g++ -march=armv4t -mtune=arm920t'
ac_cv_env_F77_set=set
ac_cv_env_F77_value='ccache arm-angstrom-linux-gnueabi-g77 -march=armv4t -mtune=arm920t'
ac_cv_env_FFLAGS_set=
ac_cv_env_FFLAGS_value=
ac_cv_env_LDFLAGS_set=set
ac_cv_env_LDFLAGS_value='-L/usr/local/openmoko/arm/arm-angstrom-linux-gnueabi/lib -Wl,-rpath-link,/usr/local/openmoko/arm/arm-angstrom-linux-gnueabi/lib -Wl,-O1'
ac_cv_env_LIBS_set=
ac_cv_env_LIBS_value=
ac_cv_env_build_alias_set=set
ac_cv_env_build_alias_value=x86_64-linux
ac_cv_env_host_alias_set=set
ac_cv_env_host_alias_value=arm-angstrom-linux-gnueabi
ac_cv_env_target_alias_set=set
ac_cv_env_target_alias_value=arm-angstrom-linux-gnueabi
ac_cv_epoll_works=yes
ac_cv_f77_compiler_gnu=no
ac_cv_file__dev_random=yes
ac_cv_file__dev_zero=yes
ac_cv_func___va_copy=yes
ac_cv_func_bind_textdomain_codeset=yes
ac_cv_func_dcgettext=yes
ac_cv_func_getpagesize=yes
ac_cv_func_getpgrp_void=yes
ac_cv_func_getpwuid_r=yes
ac_cv_func_lstat_dereferences_slashed_symlink=yes
ac_cv_func_lstat_empty_string_bug=no
ac_cv_func_malloc_0_nonnull=yes
ac_cv_func_memcmp_working=yes
ac_cv_func_memcpy=yes
ac_cv_func_mmap_fixed_mapped=yes
ac_cv_func_posix_getpwnam_r=yes
ac_cv_func_posix_getpwuid_r=yes
ac_cv_func_printf_unix98=yes
ac_cv_func_pthread_attr_getstack=yes
ac_cv_func_setpgrp_void=yes
ac_cv_func_setresuid=yes
ac_cv_func_setvbuf_reversed=no
ac_cv_func_snprintf_c99=yes
ac_cv_func_stat_empty_string_bug=no
ac_cv_func_stat_ignores_trailing_slash=no
ac_cv_func_strerror=yes
ac_cv_func_va_copy=yes
ac_cv_func_vsnprintf_c99=yes
ac_cv_have_abstract_sockets=yes
ac_cv_have_decl_sys_siglist=yes
ac_cv_header_dlfcn_h=yes
ac_cv_header_inttypes_h=yes
ac_cv_header_libintl_h=yes
ac_cv_header_locale_h=yes
ac_cv_header_memory_h=yes
ac_cv_header_stdc=yes
ac_cv_header_stdint_h=yes
ac_cv_header_stdlib_h=yes
ac_cv_header_string_h=yes
ac_cv_header_strings_h=yes
ac_cv_header_sys_stat_h=yes
ac_cv_header_sys_types_h=yes
ac_cv_header_unistd_h=yes
ac_cv_host=arm-angstrom-linux-gnueabi
ac_cv_lib_m_sin=yes
ac_cv_libnet_endianess=lil
ac_cv_linux_vers=2
ac_cv_need_trio=no
ac_cv_objext=o
ac_cv_path_EGREP='/bin/grep -E'
ac_cv_path_GMSGFMT=/usr/bin/msgfmt
ac_cv_path_GREP=/bin/grep
ac_cv_path_INTLTOOL_ICONV=/usr/bin/iconv
ac_cv_path_INTLTOOL_MSGFMT=/usr/bin/msgfmt
ac_cv_path_INTLTOOL_MSGMERGE=/usr/bin/msgmerge
ac_cv_path_INTLTOOL_PERL=/usr/bin/perl
ac_cv_path_INTLTOOL_XGETTEXT=/usr/bin/xgettext
ac_cv_path_MSGFMT=/usr/bin/msgfmt
ac_cv_path_XGETTEXT=/usr/bin/xgettext
ac_cv_path_install='/usr/bin/install -c'
ac_cv_path_mkdir=/bin/mkdir
ac_cv_prog_AR=arm-angstrom-linux-gnueabi-ar
ac_cv_prog_AWK=mawk
ac_cv_prog_CC='ccache arm-angstrom-linux-gnueabi-gcc -march=armv4t -mtune=arm920t'
ac_cv_prog_CPP='arm-angstrom-linux-gnueabi-gcc -E'
ac_cv_prog_CXXCPP='ccache arm-angstrom-linux-gnueabi-g++ -march=armv4t -mtune=arm920t -E'
ac_cv_prog_F77='ccache arm-angstrom-linux-gnueabi-g77 -march=armv4t -mtune=arm920t'
ac_cv_prog_RANLIB=arm-angstrom-linux-gnueabi-ranlib
ac_cv_prog_STRIP=arm-angstrom-linux-gnueabi-strip
ac_cv_prog_cc_c89=
ac_cv_prog_cc_c99=-std=gnu99
ac_cv_prog_cc_g=yes
ac_cv_prog_cc_stdc=-std=gnu99
ac_cv_prog_cxx_g=yes
ac_cv_prog_f77_g=no
ac_cv_prog_make_make_set=yes
ac_cv_search_strerror='none required'
ac_cv_sizeof___int64=0
ac_cv_sizeof_char=1
ac_cv_sizeof_int=4
ac_cv_sizeof_long=8
ac_cv_sizeof_long_double=16
ac_cv_sizeof_long_int=8
ac_cv_sizeof_long_long=8
ac_cv_sizeof_off_t=8
ac_cv_sizeof_short=2
ac_cv_sizeof_short_int=2
ac_cv_sizeof_size_t=8
ac_cv_sizeof_void_p=8
ac_cv_strerror_r_SUSv3=no
ac_cv_type_uid_t='{ac_cv_type_uid_t=yes}'
am_cv_CC_dependencies_compiler_type=gcc3
am_cv_CXX_dependencies_compiler_type=gcc3
am_cv_func_working_getline=yes
am_cv_scanf_lld=yes
am_cv_val_LC_MESSAGES=yes
bash_cv_have_mbstate_t=yes
bash_cv_sys_siglist=yes
bash_cv_under_sys_siglist=yes
db_cv_align_t='unsigned long long'
db_cv_alignp_t='unsigned long long'
db_cv_fcntl_f_setfd=yes
db_cv_mutex=POSIX/pthreads/library
db_cv_path_ar=/usr/bin/ar
db_cv_path_chmod=/bin/chmod
db_cv_path_cp=/bin/cp
db_cv_path_ln=/bin/ln
db_cv_path_mkdir=/bin/mkdir
db_cv_path_ranlib=/usr/bin/ranlib
db_cv_path_rm=/bin/rm
db_cv_path_sh=/bin/sh
db_cv_path_strip=/usr/bin/strip
db_cv_posixmutexes=no
db_cv_sprintf_count=yes
db_cv_uimutexes=no
glib_cv___va_copy=yes
glib_cv_compliant_posix_memalign=1
glib_cv_has__inline=yes
glib_cv_has__inline__=yes
glib_cv_hasinline=yes
glib_cv_long_long_format=ll
glib_cv_rtldglobal_broken=yes
glib_cv_sane_realloc=yes
glib_cv_sizeof_gmutex=40
glib_cv_sizeof_intmax_t=8
glib_cv_sizeof_ptrdiff_t=8
glib_cv_sizeof_size_t=8
glib_cv_sizeof_system_thread=8
glib_cv_stack_grows=no
glib_cv_strlcpy=no
glib_cv_sys_pthread_cond_timedwait_posix=yes
glib_cv_sys_pthread_getspecific_posix=yes
glib_cv_sys_pthread_mutex_trylock_posix=yes
glib_cv_uscore=no
glib_cv_va_copy=yes
glib_cv_va_val_copy=no
gt_cv_func_dgettext_libc=yes
gt_cv_func_dgettext_libintl=no
gt_cv_func_ngettext_libc=yes
gt_cv_have_gettext=yes
lftp_cv_va_copy=yes
lt_cv_deplibs_check_method=pass_all
lt_cv_file_magic_cmd='$MAGIC_CMD'
lt_cv_file_magic_test_file=
lt_cv_ld_reload_flag=-r
lt_cv_objdir=.libs
lt_cv_path_LD=arm-angstrom-linux-gnueabi-ld
lt_cv_path_LDCXX=arm-angstrom-linux-gnueabi-ld
lt_cv_path_NM='/usr/local/openmoko/arm/bin/arm-angstrom-linux-gnueabi-nm -B'
lt_cv_path_SED=/bin/sed
lt_cv_prog_compiler_c_o=yes
lt_cv_prog_compiler_c_o_CXX=yes
lt_cv_prog_compiler_c_o_F77=no
lt_cv_prog_compiler_rtti_exceptions=no
lt_cv_prog_gnu_ld=yes
lt_cv_prog_gnu_ldcxx=yes
lt_cv_sys_global_symbol_pipe='sed -n -e '\''s/^.*[ 	]\([ABCDGIRSTW][ABCDGIRSTW]*\)[ 	][ 	]*\([_A-Za-z][_A-Za-z0-9]*\)$/\1 \2 \2/p'\'''
lt_cv_sys_global_symbol_to_c_name_address='sed -n -e '\''s/^: \([^ ]*\) $/  {\"\1\", (lt_ptr) 0},/p'\'' -e '\''s/^[BCDEGRST] \([^ ]*\) \([^ ]*\)$/  {"\2", (lt_ptr) \&\2},/p'\'''
lt_cv_sys_global_symbol_to_cdecl='sed -n -e '\''s/^. .* \(.*\)$/extern int \1;/p'\'''
lt_cv_sys_max_cmd_len=32768
lt_lt_cv_prog_compiler_c_o='"yes"'
lt_lt_cv_prog_compiler_c_o_CXX='"yes"'
lt_lt_cv_prog_compiler_c_o_F77='"no"'
lt_lt_cv_sys_global_symbol_pipe='"sed -n -e '\''s/^.*[ 	]\\([ABCDGIRSTW][ABCDGIRSTW]*\\)[ 	][ 	]*\\([_A-Za-z][_A-Za-z0-9]*\\)\$/\\1 \\2 \\2/p'\''"'
lt_lt_cv_sys_global_symbol_to_c_name_address='"sed -n -e '\''s/^: \\([^ ]*\\) \$/  {\\\"\\1\\\", (lt_ptr) 0},/p'\'' -e '\''s/^[BCDEGRST] \\([^ ]*\\) \\([^ ]*\\)\$/  {\"\\2\", (lt_ptr) \\&\\2},/p'\''"'
lt_lt_cv_sys_global_symbol_to_cdecl='"sed -n -e '\''s/^. .* \\(.*\\)\$/extern int \\1;/p'\''"'
mono_cv_uscore=no
mr_cv_target_elf=yes
nano_cv_func_regexec_segv_emptystr=no
samba_cv_HAVE_VA_COPY=yes
screen_cv_sys_bcopy_overlap=no
screen_cv_sys_fifo_broken_impl=yes
screen_cv_sys_fifo_usable=yes
screen_cv_sys_memcpy_overlap=no
screen_cv_sys_memmove_overlap=no
screen_cv_sys_select_broken_retval=no
screen_cv_sys_sockets_nofs=no
screen_cv_sys_sockets_usable=yes
screen_cv_sys_terminfo_used=yes
utils_cv_sys_open_max=1015

## ----------------- ##
## Output variables. ##
## ----------------- ##

ACLOCAL='${SHELL} /home/emezeske/src/openmoko/marble-game/missing --run aclocal-1.10'
ALL_LINGUAS=''
AMDEPBACKSLASH='\'
AMDEP_FALSE='#'
AMDEP_TRUE=''
AMTAR='${SHELL} /home/emezeske/src/openmoko/marble-game/missing --run tar'
AR='arm-angstrom-linux-gnueabi-ar'
AUTOCONF='${SHELL} /home/emezeske/src/openmoko/marble-game/missing --run autoconf'
AUTOHEADER='${SHELL} /home/emezeske/src/openmoko/marble-game/missing --run autoheader'
AUTOMAKE='${SHELL} /home/emezeske/src/openmoko/marble-game/missing --run automake-1.10'
AWK='mawk'
CATALOGS=''
CATOBJEXT='.gmo'
CC='ccache arm-angstrom-linux-gnueabi-gcc -march=armv4t -mtune=arm920t -std=gnu99'
CCDEPMODE='depmode=gcc3'
CFLAGS='-isystem/usr/local/openmoko/arm/arm-angstrom-linux-gnueabi/include -fexpensive-optimizations -fomit-frame-pointer -frename-registers -Os'
CPP='arm-angstrom-linux-gnueabi-gcc -E'
CPPFLAGS='-isystem/usr/local/openmoko/arm/arm-angstrom-linux-gnueabi/include'
CXX='ccache arm-angstrom-linux-gnueabi-g++ -march=armv4t -mtune=arm920t'
CXXCPP='ccache arm-angstrom-linux-gnueabi-g++ -march=armv4t -mtune=arm920t -E'
CXXDEPMODE='depmode=gcc3'
CXXFLAGS='-isystem/usr/local/openmoko/arm/arm-angstrom-linux-gnueabi/include -fexpensive-optimizations -fomit-frame-pointer -frename-registers -Os -fpermissive -fvisibility-inlines-hidden'
CYGPATH_W='echo'
DATADIRNAME='share'
DEFS='-DHAVE_CONFIG_H'
DEPDIR='.deps'
DEPENDENCIES=''
ECHO='echo'
ECHO_C=''
ECHO_N='-n'
ECHO_T=''
EGREP='/bin/grep -E'
EXEEXT=''
F77='ccache arm-angstrom-linux-gnueabi-g77 -march=armv4t -mtune=arm920t'
FFLAGS=''
GETTEXT_PACKAGE='marble-game'
GMOFILES=''
GMSGFMT='/usr/bin/msgfmt'
GREP='/bin/grep'
INSTALL_DATA='${INSTALL} -m 644'
INSTALL_PROGRAM='${INSTALL}'
INSTALL_SCRIPT='${INSTALL}'
INSTALL_STRIP_PROGRAM='$(install_sh) -c -s'
INSTOBJEXT='.mo'
INTLLIBS=''
INTLTOOL_CAVES_RULE='%.caves:     %.caves.in     $(INTLTOOL_MERGE) $(wildcard $(top_srcdir)/po/*.po) ; LC_ALL=C $(INTLTOOL_MERGE) -d -u -c $(top_builddir)/po/.intltool-merge-cache $(top_srcdir)/po $< $@'
INTLTOOL_DESKTOP_RULE='%.desktop:   %.desktop.in   $(INTLTOOL_MERGE) $(wildcard $(top_srcdir)/po/*.po) ; LC_ALL=C $(INTLTOOL_MERGE) -d -u -c $(top_builddir)/po/.intltool-merge-cache $(top_srcdir)/po $< $@'
INTLTOOL_DIRECTORY_RULE='%.directory: %.directory.in $(INTLTOOL_MERGE) $(wildcard $(top_srcdir)/po/*.po) ; LC_ALL=C $(INTLTOOL_MERGE) -d -u -c $(top_builddir)/po/.intltool-merge-cache $(top_srcdir)/po $< $@'
INTLTOOL_EXTRACT='$(top_builddir)/intltool-extract'
INTLTOOL_ICONV='/usr/bin/iconv'
INTLTOOL_KBD_RULE='%.kbd:       %.kbd.in       $(INTLTOOL_MERGE) $(wildcard $(top_srcdir)/po/*.po) ; LC_ALL=C $(INTLTOOL_MERGE) -x -u -m -c $(top_builddir)/po/.intltool-merge-cache $(top_srcdir)/po $< $@'
INTLTOOL_KEYS_RULE='%.keys:      %.keys.in      $(INTLTOOL_MERGE) $(wildcard $(top_srcdir)/po/*.po) ; LC_ALL=C $(INTLTOOL_MERGE) -k -u -c $(top_builddir)/po/.intltool-merge-cache $(top_srcdir)/po $< $@'
INTLTOOL_MERGE='$(top_builddir)/intltool-merge'
INTLTOOL_MSGFMT='/usr/bin/msgfmt'
INTLTOOL_MSGMERGE='/usr/bin/msgmerge'
INTLTOOL_OAF_RULE='%.oaf:       %.oaf.in       $(INTLTOOL_MERGE) $(wildcard $(top_srcdir)/po/*.po) ; LC_ALL=C $(INTLTOOL_MERGE) -o -p $(top_srcdir)/po $< $@'
INTLTOOL_PERL='/usr/bin/perl'
INTLTOOL_PONG_RULE='%.pong:      %.pong.in      $(INTLTOOL_MERGE) $(wildcard $(top_srcdir)/po/*.po) ; LC_ALL=C $(INTLTOOL_MERGE) -x -u -c $(top_builddir)/po/.intltool-merge-cache $(top_srcdir)/po $< $@'
INTLTOOL_PROP_RULE='%.prop:      %.prop.in      $(INTLTOOL_MERGE) $(wildcard $(top_srcdir)/po/*.po) ; LC_ALL=C $(INTLTOOL_MERGE) -d -u -c $(top_builddir)/po/.intltool-merge-cache $(top_srcdir)/po $< $@'
INTLTOOL_SCHEMAS_RULE='%.schemas:   %.schemas.in   $(INTLTOOL_MERGE) $(wildcard $(top_srcdir)/po/*.po) ; LC_ALL=C $(INTLTOOL_MERGE) -s -u -c $(top_builddir)/po/.intltool-merge-cache $(top_srcdir)/po $< $@'
INTLTOOL_SERVER_RULE='%.server:    %.server.in    $(INTLTOOL_MERGE) $(wildcard $(top_srcdir)/po/*.po) ; LC_ALL=C $(INTLTOOL_MERGE) -o -u -c $(top_builddir)/po/.intltool-merge-cache $(top_srcdir)/po $< $@'
INTLTOOL_SERVICE_RULE='%.service: %.service.in   $(INTLTOOL_MERGE) $(wildcard $(top_srcdir)/po/*.po) ; LC_ALL=C $(INTLTOOL_MERGE) -d -u -c $(top_builddir)/po/.intltool-merge-cache $(top_srcdir)/po $< $@'
INTLTOOL_SHEET_RULE='%.sheet:     %.sheet.in     $(INTLTOOL_MERGE) $(wildcard $(top_srcdir)/po/*.po) ; LC_ALL=C $(INTLTOOL_MERGE) -x -u -c $(top_builddir)/po/.intltool-merge-cache $(top_srcdir)/po $< $@'
INTLTOOL_SOUNDLIST_RULE='%.soundlist: %.soundlist.in $(INTLTOOL_MERGE) $(wildcard $(top_srcdir)/po/*.po) ; LC_ALL=C $(INTLTOOL_MERGE) -d -u -c $(top_builddir)/po/.intltool-merge-cache $(top_srcdir)/po $< $@'
INTLTOOL_THEME_RULE='%.theme:     %.theme.in     $(INTLTOOL_MERGE) $(wildcard $(top_srcdir)/po/*.po) ; LC_ALL=C $(INTLTOOL_MERGE) -d -u -c $(top_builddir)/po/.intltool-merge-cache $(top_srcdir)/po $< $@'
INTLTOOL_UI_RULE='%.ui:        %.ui.in        $(INTLTOOL_MERGE) $(wildcard $(top_srcdir)/po/*.po) ; LC_ALL=C $(INTLTOOL_MERGE) -x -u -c $(top_builddir)/po/.intltool-merge-cache $(top_srcdir)/po $< $@'
INTLTOOL_UPDATE='$(top_builddir)/intltool-update'
INTLTOOL_XAM_RULE='%.xam:       %.xml.in       $(INTLTOOL_MERGE) $(wildcard $(top_srcdir)/po/*.po) ; LC_ALL=C $(INTLTOOL_MERGE) -x -u -c $(top_builddir)/po/.intltool-merge-cache $(top_srcdir)/po $< $@'
INTLTOOL_XGETTEXT='/usr/bin/xgettext'
INTLTOOL_XML_NOMERGE_RULE='%.xml:       %.xml.in       $(INTLTOOL_MERGE) ; LC_ALL=C $(INTLTOOL_MERGE) -x -u /tmp $< $@'
INTLTOOL_XML_RULE='%.xml:       %.xml.in       $(INTLTOOL_MERGE) $(wildcard $(top_srcdir)/po/*.po) ; LC_ALL=C $(INTLTOOL_MERGE) -x -u -c $(top_builddir)/po/.intltool-merge-cache $(top_srcdir)/po $< $@'
LDFLAGS='-L/usr/local/openmoko/arm/arm-angstrom-linux-gnueabi/lib -Wl,-rpath-link,/usr/local/openmoko/arm/arm-angstrom-linux-gnueabi/lib -Wl,-O1'
LIBOBJS=''
LIBS=''
LIBTOOL='$(SHELL) $(top_builddir)/libtool'
LN_S='ln -s'
LTLIBOBJS=''
MAINT='#'
MAINTAINER_MODE_FALSE=''
MAINTAINER_MODE_TRUE='#'
MAKEINFO='${SHELL} /home/emezeske/src/openmoko/marble-game/missing --run makeinfo'
MKINSTALLDIRS='./mkinstalldirs'
MSGFMT='/usr/bin/msgfmt'
OBJEXT='o'
PACKAGE='marble-game'
PACKAGE_BUGREPORT='http://www.TODO.org/'
PACKAGE_NAME='marble-game'
PACKAGE_STRING='marble-game 0.0.1'
PACKAGE_TARNAME='marble-game'
PACKAGE_VERSION='0.0.1'
PATH_SEPARATOR=':'
POFILES=''
POSUB='po'
PO_IN_DATADIR_FALSE=''
PO_IN_DATADIR_TRUE=''
RANLIB='arm-angstrom-linux-gnueabi-ranlib'
SET_MAKE=''
SHELL='/bin/sh'
STRIP='arm-angstrom-linux-gnueabi-strip'
USE_NLS='yes'
VERSION='0.0.1'
XGETTEXT='/usr/bin/xgettext'
ac_ct_CC=''
ac_ct_CXX=''
ac_ct_F77=''
am__fastdepCC_FALSE='#'
am__fastdepCC_TRUE=''
am__fastdepCXX_FALSE='#'
am__fastdepCXX_TRUE=''
am__include='include'
am__isrc=''
am__leading_dot='.'
am__quote=''
am__tar='${AMTAR} chof - "$$tardir"'
am__untar='${AMTAR} xf -'
bindir='/usr/bin'
build='x86_64-pc-linux-gnu'
build_alias='x86_64-linux'
build_cpu='x86_64'
build_os='linux-gnu'
build_vendor='pc'
datadir='/usr/share'
datarootdir='${prefix}/share'
docdir='${datarootdir}/doc/${PACKAGE_TARNAME}'
dvidir='${docdir}'
exec_prefix='/usr'
host='arm-angstrom-linux-gnueabi'
host_alias='arm-angstrom-linux-gnueabi'
host_cpu='arm'
host_os='linux-gnueabi'
host_vendor='angstrom'
htmldir='${docdir}'
includedir='/usr/include'
infodir='/usr/share/info'
install_sh='$(SHELL) /home/emezeske/src/openmoko/marble-game/install-sh'
libdir='/usr/lib'
libexecdir='/usr/libexec'
localedir='${datarootdir}/locale'
localstatedir='/var'
mandir='/usr/share/man'
mkdir_p='/bin/mkdir -p'
oldincludedir='/usr/include'
pdfdir='${docdir}'
prefix='/usr'
program_transform_name='s,x,x,'
psdir='${docdir}'
sbindir='/usr/sbin'
sharedstatedir='/usr/com'
sysconfdir='/etc'
target_alias='arm-angstrom-linux-gnueabi'

## ----------- ##
## confdefs.h. ##
## ----------- ##

#define PACKAGE_NAME "marble-game"
#define PACKAGE_TARNAME "marble-game"
#define PACKAGE_VERSION "0.0.1"
#define PACKAGE_STRING "marble-game 0.0.1"
#define PACKAGE_BUGREPORT "http://www.TODO.org/"
#define PACKAGE "marble-game"
#define VERSION "0.0.1"
#define STDC_HEADERS 1
#define HAVE_SYS_TYPES_H 1
#define HAVE_SYS_STAT_H 1
#define HAVE_STDLIB_H 1
#define HAVE_STRING_H 1
#define HAVE_MEMORY_H 1
#define HAVE_STRINGS_H 1
#define HAVE_INTTYPES_H 1
#define HAVE_STDINT_H 1
#define HAVE_UNISTD_H 1
#define HAVE_DLFCN_H 1
#define GETTEXT_PACKAGE "marble-game"
#define HAVE_LOCALE_H 1
#define HAVE_LC_MESSAGES 1
#define HAVE_BIND_TEXTDOMAIN_CODESET 1
#define HAVE_GETTEXT 1
#define HAVE_DCGETTEXT 1
#define ENABLE_NLS 1

configure: exit 0

## ---------------------- ##
## Running config.status. ##
## ---------------------- ##

This file was extended by marble-game config.status 0.0.1, which was
generated by GNU Autoconf 2.61.  Invocation command line was

  CONFIG_FILES    = po/Makefile.in
  CONFIG_HEADERS  = 
  CONFIG_LINKS    = 
  CONFIG_COMMANDS = 
  $ ./config.status 

on ubuntu

config.status:720: creating po/Makefile.in
config.status:1000: executing depfiles commands
config.status:1000: executing intltool commands
config.status:1000: executing default-1 commands
config.status:1000: executing po/stamp-it commands
